<?xml version="1.0" encoding="UTF-8"?>
<!-- Generated by org.testng.reporters.JUnitXMLReporter -->
<testsuite hostname="DESKTOP-06QDCBA" ignored="0" name="Default test" tests="3" failures="0" timestamp="2023-12-08T22:19:43 IST" time="33.059" errors="0">
  <testcase name="VerifySignupLink" time="1.86" classname="com.qa.hubspot.tests.LoginTest"/>
  <testcase name="GetTitleTest" time="0.463" classname="com.qa.hubspot.tests.LoginTest"/>
  <testcase name="DOLogin" time="2.028" classname="com.qa.hubspot.tests.LoginTest"/>
</testsuite> <!-- Default test -->
