<?xml version="1.0" encoding="UTF-8"?>
<!-- Generated by org.testng.reporters.JUnitXMLReporter -->
<testsuite hostname="DESKTOP-06QDCBA" ignored="0" name="HubSpot Feature Testing" tests="3" failures="0" timestamp="2023-12-08T22:12:18 IST" time="40.412" errors="0">
  <testcase name="VerifySignupLink" time="1.071" classname="com.qa.hubspot.tests.LoginTest"/>
  <testcase name="GetTitleTest" time="0.133" classname="com.qa.hubspot.tests.LoginTest"/>
  <testcase name="DOLogin" time="2.001" classname="com.qa.hubspot.tests.LoginTest"/>
</testsuite> <!-- HubSpot Feature Testing -->
